<?xml version="1.0" encoding="UTF-8"?>
<!-- Generated by org.testng.reporters.JUnitReportReporter -->
<testsuite hostname="HP-Pavilian" failures="0" tests="1" name="test.test.AppTest" time="0.010" errors="0" timestamp="2022-05-29T00:06:06 IST" skipped="0">
  <testcase classname="test.test.AppTest" name="shouldAnswerWithTrue" time="0.010"/>
  <system-out/>
</testsuite> <!-- test.test.AppTest -->
